{"/Users/jagkaransingh/work/mern-ecommerce/backend/app.js": {"path":"/Users/jagkaransingh/work/mern-ecommerce/backend/app.js","statementMap":{"0":{"start":{"line":1,"column":16},"end":{"line":1,"column":34}},"1":{"start":{"line":2,"column":21},"end":{"line":2,"column":45}},"2":{"start":{"line":3,"column":12},"end":{"line":3,"column":21}},"3":{"start":{"line":4,"column":19},"end":{"line":4,"column":48}},"4":{"start":{"line":5,"column":24},"end":{"line":5,"column":53}},"5":{"start":{"line":6,"column":13},"end":{"line":6,"column":28}},"6":{"start":{"line":9,"column":15},"end":{"line":9,"column":32}},"7":{"start":{"line":10,"column":13},"end":{"line":10,"column":28}},"8":{"start":{"line":11,"column":18},"end":{"line":11,"column":47}},"9":{"start":{"line":12,"column":22},"end":{"line":12,"column":55}},"10":{"start":{"line":13,"column":12},"end":{"line":13,"column":32}},"11":{"start":{"line":14,"column":20},"end":{"line":14,"column":42}},"12":{"start":{"line":17,"column":0},"end":{"line":19,"column":1}},"13":{"start":{"line":18,"column":2},"end":{"line":18,"column":66}},"14":{"start":{"line":22,"column":0},"end":{"line":22,"column":18}},"15":{"start":{"line":25,"column":0},"end":{"line":31,"column":2}},"16":{"start":{"line":34,"column":0},"end":{"line":34,"column":23}},"17":{"start":{"line":37,"column":20},"end":{"line":43,"column":2}},"18":{"start":{"line":44,"column":0},"end":{"line":44,"column":38}},"19":{"start":{"line":45,"column":0},"end":{"line":45,"column":41}},"20":{"start":{"line":46,"column":0},"end":{"line":46,"column":48}},"21":{"start":{"line":49,"column":0},"end":{"line":49,"column":41}},"22":{"start":{"line":50,"column":0},"end":{"line":50,"column":63}},"23":{"start":{"line":51,"column":0},"end":{"line":51,"column":24}},"24":{"start":{"line":52,"column":0},"end":{"line":52,"column":22}},"25":{"start":{"line":55,"column":0},"end":{"line":55,"column":25}},"26":{"start":{"line":56,"column":0},"end":{"line":56,"column":15}},"27":{"start":{"line":59,"column":16},"end":{"line":59,"column":48}},"28":{"start":{"line":60,"column":13},"end":{"line":60,"column":42}},"29":{"start":{"line":61,"column":14},"end":{"line":61,"column":44}},"30":{"start":{"line":62,"column":16},"end":{"line":62,"column":48}},"31":{"start":{"line":64,"column":0},"end":{"line":64,"column":29}},"32":{"start":{"line":65,"column":0},"end":{"line":65,"column":26}},"33":{"start":{"line":66,"column":0},"end":{"line":66,"column":27}},"34":{"start":{"line":67,"column":0},"end":{"line":67,"column":29}},"35":{"start":{"line":69,"column":0},"end":{"line":69,"column":67}},"36":{"start":{"line":71,"column":0},"end":{"line":73,"column":3}},"37":{"start":{"line":72,"column":2},"end":{"line":72,"column":72}},"38":{"start":{"line":75,"column":0},"end":{"line":75,"column":25}},"39":{"start":{"line":77,"column":0},"end":{"line":77,"column":21}}},"fnMap":{"0":{"name":"(anonymous_0)","decl":{"start":{"line":71,"column":13},"end":{"line":71,"column":14}},"loc":{"start":{"line":71,"column":27},"end":{"line":73,"column":1}},"line":71}},"branchMap":{"0":{"loc":{"start":{"line":17,"column":0},"end":{"line":19,"column":1}},"type":"if","locations":[{"start":{"line":17,"column":0},"end":{"line":19,"column":1}},{"start":{},"end":{}}],"line":17},"1":{"loc":{"start":{"line":27,"column":12},"end":{"line":27,"column":61}},"type":"binary-expr","locations":[{"start":{"line":27,"column":12},"end":{"line":27,"column":34}},{"start":{"line":27,"column":38},"end":{"line":27,"column":61}}],"line":27}},"s":{"0":3,"1":3,"2":3,"3":3,"4":3,"5":3,"6":3,"7":3,"8":3,"9":3,"10":3,"11":3,"12":3,"13":3,"14":3,"15":3,"16":3,"17":3,"18":3,"19":3,"20":3,"21":3,"22":3,"23":3,"24":3,"25":3,"26":3,"27":3,"28":3,"29":3,"30":3,"31":3,"32":3,"33":3,"34":3,"35":3,"36":3,"37":0,"38":3,"39":3},"f":{"0":0},"b":{"0":[3,0],"1":[3,3]},"_coverageSchema":"1a1c01bbd47fc00a2c39e90264f33305004495a9","hash":"cbf46d4909b3de6c2d2b01fa3235b2e181832767"}
,"/Users/jagkaransingh/work/mern-ecommerce/backend/server.js": {"path":"/Users/jagkaransingh/work/mern-ecommerce/backend/server.js","statementMap":{"0":{"start":{"line":1,"column":12},"end":{"line":1,"column":28}},"1":{"start":{"line":2,"column":18},"end":{"line":2,"column":46}},"2":{"start":{"line":3,"column":19},"end":{"line":3,"column":43}},"3":{"start":{"line":6,"column":0},"end":{"line":10,"column":3}},"4":{"start":{"line":7,"column":2},"end":{"line":7,"column":39}},"5":{"start":{"line":8,"column":2},"end":{"line":8,"column":67}},"6":{"start":{"line":9,"column":2},"end":{"line":9,"column":18}},"7":{"start":{"line":13,"column":0},"end":{"line":15,"column":1}},"8":{"start":{"line":14,"column":2},"end":{"line":14,"column":66}},"9":{"start":{"line":18,"column":0},"end":{"line":18,"column":12}},"10":{"start":{"line":21,"column":0},"end":{"line":25,"column":3}},"11":{"start":{"line":27,"column":15},"end":{"line":29,"column":2}},"12":{"start":{"line":28,"column":2},"end":{"line":28,"column":75}},"13":{"start":{"line":32,"column":0},"end":{"line":39,"column":3}},"14":{"start":{"line":33,"column":2},"end":{"line":33,"column":39}},"15":{"start":{"line":34,"column":2},"end":{"line":34,"column":76}},"16":{"start":{"line":36,"column":2},"end":{"line":38,"column":5}},"17":{"start":{"line":37,"column":4},"end":{"line":37,"column":20}}},"fnMap":{"0":{"name":"(anonymous_0)","decl":{"start":{"line":6,"column":32},"end":{"line":6,"column":33}},"loc":{"start":{"line":6,"column":41},"end":{"line":10,"column":1}},"line":6},"1":{"name":"(anonymous_1)","decl":{"start":{"line":27,"column":44},"end":{"line":27,"column":45}},"loc":{"start":{"line":27,"column":50},"end":{"line":29,"column":1}},"line":27},"2":{"name":"(anonymous_2)","decl":{"start":{"line":32,"column":33},"end":{"line":32,"column":34}},"loc":{"start":{"line":32,"column":42},"end":{"line":39,"column":1}},"line":32},"3":{"name":"(anonymous_3)","decl":{"start":{"line":36,"column":15},"end":{"line":36,"column":16}},"loc":{"start":{"line":36,"column":21},"end":{"line":38,"column":3}},"line":36}},"branchMap":{"0":{"loc":{"start":{"line":13,"column":0},"end":{"line":15,"column":1}},"type":"if","locations":[{"start":{"line":13,"column":0},"end":{"line":15,"column":1}},{"start":{},"end":{}}],"line":13}},"s":{"0":0,"1":0,"2":0,"3":0,"4":0,"5":0,"6":0,"7":0,"8":0,"9":0,"10":0,"11":0,"12":0,"13":0,"14":0,"15":0,"16":0,"17":0},"f":{"0":0,"1":0,"2":0,"3":0},"b":{"0":[0,0]}}
,"/Users/jagkaransingh/work/mern-ecommerce/backend/config/database.js": {"path":"/Users/jagkaransingh/work/mern-ecommerce/backend/config/database.js","statementMap":{"0":{"start":{"line":1,"column":17},"end":{"line":1,"column":36}},"1":{"start":{"line":3,"column":18},"end":{"line":7,"column":1}},"2":{"start":{"line":4,"column":2},"end":{"line":6,"column":5}},"3":{"start":{"line":5,"column":4},"end":{"line":5,"column":75}},"4":{"start":{"line":9,"column":0},"end":{"line":9,"column":27}}},"fnMap":{"0":{"name":"(anonymous_0)","decl":{"start":{"line":3,"column":18},"end":{"line":3,"column":19}},"loc":{"start":{"line":3,"column":24},"end":{"line":7,"column":1}},"line":3},"1":{"name":"(anonymous_1)","decl":{"start":{"line":4,"column":44},"end":{"line":4,"column":45}},"loc":{"start":{"line":4,"column":54},"end":{"line":6,"column":3}},"line":4}},"branchMap":{},"s":{"0":0,"1":0,"2":0,"3":0,"4":0},"f":{"0":0,"1":0},"b":{}}
,"/Users/jagkaransingh/work/mern-ecommerce/backend/controllers/orderController.js": {"path":"/Users/jagkaransingh/work/mern-ecommerce/backend/controllers/orderController.js","statementMap":{"0":{"start":{"line":1,"column":14},"end":{"line":1,"column":45}},"1":{"start":{"line":2,"column":16},"end":{"line":2,"column":49}},"2":{"start":{"line":3,"column":21},"end":{"line":3,"column":53}},"3":{"start":{"line":4,"column":25},"end":{"line":4,"column":66}},"4":{"start":{"line":7,"column":0},"end":{"line":34,"column":3}},"5":{"start":{"line":16,"column":6},"end":{"line":16,"column":14}},"6":{"start":{"line":18,"column":16},"end":{"line":28,"column":4}},"7":{"start":{"line":30,"column":2},"end":{"line":33,"column":5}},"8":{"start":{"line":37,"column":0},"end":{"line":51,"column":3}},"9":{"start":{"line":38,"column":16},"end":{"line":41,"column":3}},"10":{"start":{"line":43,"column":2},"end":{"line":45,"column":3}},"11":{"start":{"line":44,"column":4},"end":{"line":44,"column":58}},"12":{"start":{"line":47,"column":2},"end":{"line":50,"column":5}},"13":{"start":{"line":54,"column":0},"end":{"line":63,"column":3}},"14":{"start":{"line":55,"column":17},"end":{"line":55,"column":57}},"15":{"start":{"line":56,"column":21},"end":{"line":56,"column":69}},"16":{"start":{"line":58,"column":2},"end":{"line":62,"column":5}},"17":{"start":{"line":66,"column":0},"end":{"line":80,"column":3}},"18":{"start":{"line":67,"column":17},"end":{"line":67,"column":35}},"19":{"start":{"line":68,"column":21},"end":{"line":68,"column":49}},"20":{"start":{"line":70,"column":20},"end":{"line":70,"column":21}},"21":{"start":{"line":72,"column":2},"end":{"line":72,"column":63}},"22":{"start":{"line":72,"column":29},"end":{"line":72,"column":60}},"23":{"start":{"line":74,"column":2},"end":{"line":79,"column":5}},"24":{"start":{"line":83,"column":0},"end":{"line":111,"column":3}},"25":{"start":{"line":84,"column":16},"end":{"line":84,"column":51}},"26":{"start":{"line":86,"column":2},"end":{"line":88,"column":3}},"27":{"start":{"line":87,"column":4},"end":{"line":87,"column":58}},"28":{"start":{"line":90,"column":2},"end":{"line":92,"column":3}},"29":{"start":{"line":91,"column":4},"end":{"line":91,"column":80}},"30":{"start":{"line":94,"column":2},"end":{"line":98,"column":3}},"31":{"start":{"line":95,"column":4},"end":{"line":97,"column":7}},"32":{"start":{"line":96,"column":6},"end":{"line":96,"column":55}},"33":{"start":{"line":100,"column":2},"end":{"line":100,"column":43}},"34":{"start":{"line":102,"column":2},"end":{"line":104,"column":3}},"35":{"start":{"line":103,"column":4},"end":{"line":103,"column":35}},"36":{"start":{"line":106,"column":2},"end":{"line":106,"column":50}},"37":{"start":{"line":107,"column":2},"end":{"line":110,"column":5}},"38":{"start":{"line":114,"column":18},"end":{"line":114,"column":44}},"39":{"start":{"line":116,"column":2},"end":{"line":116,"column":28}},"40":{"start":{"line":118,"column":2},"end":{"line":118,"column":52}},"41":{"start":{"line":122,"column":0},"end":{"line":135,"column":3}},"42":{"start":{"line":123,"column":16},"end":{"line":123,"column":51}},"43":{"start":{"line":125,"column":2},"end":{"line":127,"column":3}},"44":{"start":{"line":126,"column":4},"end":{"line":126,"column":58}},"45":{"start":{"line":129,"column":2},"end":{"line":129,"column":23}},"46":{"start":{"line":131,"column":2},"end":{"line":134,"column":5}}},"fnMap":{"0":{"name":"(anonymous_0)","decl":{"start":{"line":7,"column":39},"end":{"line":7,"column":40}},"loc":{"start":{"line":7,"column":65},"end":{"line":34,"column":1}},"line":7},"1":{"name":"(anonymous_1)","decl":{"start":{"line":37,"column":43},"end":{"line":37,"column":44}},"loc":{"start":{"line":37,"column":69},"end":{"line":51,"column":1}},"line":37},"2":{"name":"(anonymous_2)","decl":{"start":{"line":54,"column":39},"end":{"line":54,"column":40}},"loc":{"start":{"line":54,"column":65},"end":{"line":63,"column":1}},"line":54},"3":{"name":"(anonymous_3)","decl":{"start":{"line":66,"column":40},"end":{"line":66,"column":41}},"loc":{"start":{"line":66,"column":66},"end":{"line":80,"column":1}},"line":66},"4":{"name":"(anonymous_4)","decl":{"start":{"line":72,"column":17},"end":{"line":72,"column":18}},"loc":{"start":{"line":72,"column":29},"end":{"line":72,"column":60}},"line":72},"5":{"name":"(anonymous_5)","decl":{"start":{"line":83,"column":39},"end":{"line":83,"column":40}},"loc":{"start":{"line":83,"column":65},"end":{"line":111,"column":1}},"line":83},"6":{"name":"(anonymous_6)","decl":{"start":{"line":95,"column":29},"end":{"line":95,"column":30}},"loc":{"start":{"line":95,"column":46},"end":{"line":97,"column":5}},"line":95},"7":{"name":"updateStock","decl":{"start":{"line":113,"column":15},"end":{"line":113,"column":26}},"loc":{"start":{"line":113,"column":41},"end":{"line":119,"column":1}},"line":113},"8":{"name":"(anonymous_8)","decl":{"start":{"line":122,"column":39},"end":{"line":122,"column":40}},"loc":{"start":{"line":122,"column":65},"end":{"line":135,"column":1}},"line":122}},"branchMap":{"0":{"loc":{"start":{"line":43,"column":2},"end":{"line":45,"column":3}},"type":"if","locations":[{"start":{"line":43,"column":2},"end":{"line":45,"column":3}},{"start":{},"end":{}}],"line":43},"1":{"loc":{"start":{"line":86,"column":2},"end":{"line":88,"column":3}},"type":"if","locations":[{"start":{"line":86,"column":2},"end":{"line":88,"column":3}},{"start":{},"end":{}}],"line":86},"2":{"loc":{"start":{"line":90,"column":2},"end":{"line":92,"column":3}},"type":"if","locations":[{"start":{"line":90,"column":2},"end":{"line":92,"column":3}},{"start":{},"end":{}}],"line":90},"3":{"loc":{"start":{"line":94,"column":2},"end":{"line":98,"column":3}},"type":"if","locations":[{"start":{"line":94,"column":2},"end":{"line":98,"column":3}},{"start":{},"end":{}}],"line":94},"4":{"loc":{"start":{"line":102,"column":2},"end":{"line":104,"column":3}},"type":"if","locations":[{"start":{"line":102,"column":2},"end":{"line":104,"column":3}},{"start":{},"end":{}}],"line":102},"5":{"loc":{"start":{"line":125,"column":2},"end":{"line":127,"column":3}},"type":"if","locations":[{"start":{"line":125,"column":2},"end":{"line":127,"column":3}},{"start":{},"end":{}}],"line":125}},"s":{"0":3,"1":3,"2":3,"3":3,"4":3,"5":0,"6":0,"7":0,"8":3,"9":0,"10":0,"11":0,"12":0,"13":3,"14":0,"15":0,"16":0,"17":3,"18":0,"19":0,"20":0,"21":0,"22":0,"23":0,"24":3,"25":0,"26":0,"27":0,"28":0,"29":0,"30":0,"31":0,"32":0,"33":0,"34":0,"35":0,"36":0,"37":0,"38":0,"39":0,"40":0,"41":3,"42":0,"43":0,"44":0,"45":0,"46":0},"f":{"0":0,"1":0,"2":0,"3":0,"4":0,"5":0,"6":0,"7":0,"8":0},"b":{"0":[0,0],"1":[0,0],"2":[0,0],"3":[0,0],"4":[0,0],"5":[0,0]},"_coverageSchema":"1a1c01bbd47fc00a2c39e90264f33305004495a9","hash":"cd011288ad6b125285c4413a3d118380ef826b86"}
,"/Users/jagkaransingh/work/mern-ecommerce/backend/controllers/paymentController.js": {"path":"/Users/jagkaransingh/work/mern-ecommerce/backend/controllers/paymentController.js","statementMap":{"0":{"start":{"line":1,"column":25},"end":{"line":1,"column":66}},"1":{"start":{"line":3,"column":15},"end":{"line":3,"column":63}},"2":{"start":{"line":5,"column":0},"end":{"line":18,"column":3}},"3":{"start":{"line":6,"column":20},"end":{"line":12,"column":4}},"4":{"start":{"line":14,"column":2},"end":{"line":17,"column":5}},"5":{"start":{"line":20,"column":0},"end":{"line":24,"column":3}},"6":{"start":{"line":21,"column":2},"end":{"line":23,"column":5}}},"fnMap":{"0":{"name":"(anonymous_0)","decl":{"start":{"line":5,"column":42},"end":{"line":5,"column":43}},"loc":{"start":{"line":5,"column":68},"end":{"line":18,"column":1}},"line":5},"1":{"name":"(anonymous_1)","decl":{"start":{"line":20,"column":44},"end":{"line":20,"column":45}},"loc":{"start":{"line":20,"column":70},"end":{"line":24,"column":1}},"line":20}},"branchMap":{},"s":{"0":3,"1":3,"2":3,"3":0,"4":0,"5":3,"6":0},"f":{"0":0,"1":0},"b":{},"_coverageSchema":"1a1c01bbd47fc00a2c39e90264f33305004495a9","hash":"52d18b0e59763c238aa065678af3d3aadc7f33a3"}
,"/Users/jagkaransingh/work/mern-ecommerce/backend/controllers/productController.js": {"path":"/Users/jagkaransingh/work/mern-ecommerce/backend/controllers/productController.js","statementMap":{"0":{"start":{"line":1,"column":16},"end":{"line":1,"column":49}},"1":{"start":{"line":2,"column":21},"end":{"line":2,"column":53}},"2":{"start":{"line":3,"column":25},"end":{"line":3,"column":66}},"3":{"start":{"line":4,"column":20},"end":{"line":4,"column":51}},"4":{"start":{"line":5,"column":19},"end":{"line":5,"column":43}},"5":{"start":{"line":8,"column":0},"end":{"line":31,"column":3}},"6":{"start":{"line":9,"column":15},"end":{"line":9,"column":17}},"7":{"start":{"line":11,"column":2},"end":{"line":15,"column":3}},"8":{"start":{"line":12,"column":4},"end":{"line":12,"column":33}},"9":{"start":{"line":14,"column":4},"end":{"line":14,"column":29}},"10":{"start":{"line":17,"column":22},"end":{"line":23,"column":3}},"11":{"start":{"line":19,"column":6},"end":{"line":21,"column":69}},"12":{"start":{"line":21,"column":22},"end":{"line":21,"column":67}},"13":{"start":{"line":25,"column":2},"end":{"line":25,"column":32}},"14":{"start":{"line":26,"column":2},"end":{"line":26,"column":30}},"15":{"start":{"line":27,"column":2},"end":{"line":27,"column":35}},"16":{"start":{"line":29,"column":18},"end":{"line":29,"column":48}},"17":{"start":{"line":30,"column":2},"end":{"line":30,"column":51}},"18":{"start":{"line":34,"column":0},"end":{"line":54,"column":3}},"19":{"start":{"line":35,"column":24},"end":{"line":35,"column":25}},"20":{"start":{"line":36,"column":23},"end":{"line":36,"column":53}},"21":{"start":{"line":37,"column":21},"end":{"line":39,"column":13}},"22":{"start":{"line":41,"column":17},"end":{"line":41,"column":39}},"23":{"start":{"line":42,"column":32},"end":{"line":42,"column":47}},"24":{"start":{"line":44,"column":2},"end":{"line":44,"column":39}},"25":{"start":{"line":45,"column":2},"end":{"line":45,"column":44}},"26":{"start":{"line":47,"column":2},"end":{"line":53,"column":5}},"27":{"start":{"line":57,"column":0},"end":{"line":60,"column":3}},"28":{"start":{"line":58,"column":19},"end":{"line":58,"column":39}},"29":{"start":{"line":59,"column":2},"end":{"line":59,"column":52}},"30":{"start":{"line":63,"column":0},"end":{"line":98,"column":3}},"31":{"start":{"line":64,"column":16},"end":{"line":64,"column":53}},"32":{"start":{"line":66,"column":2},"end":{"line":68,"column":3}},"33":{"start":{"line":67,"column":4},"end":{"line":67,"column":60}},"34":{"start":{"line":70,"column":15},"end":{"line":70,"column":17}},"35":{"start":{"line":71,"column":2},"end":{"line":75,"column":3}},"36":{"start":{"line":72,"column":4},"end":{"line":72,"column":33}},"37":{"start":{"line":74,"column":4},"end":{"line":74,"column":29}},"38":{"start":{"line":77,"column":2},"end":{"line":90,"column":3}},"39":{"start":{"line":78,"column":4},"end":{"line":80,"column":6}},"40":{"start":{"line":79,"column":34},"end":{"line":79,"column":76}},"41":{"start":{"line":82,"column":24},"end":{"line":88,"column":5}},"42":{"start":{"line":84,"column":8},"end":{"line":86,"column":71}},"43":{"start":{"line":86,"column":24},"end":{"line":86,"column":69}},"44":{"start":{"line":89,"column":4},"end":{"line":89,"column":34}},"45":{"start":{"line":92,"column":2},"end":{"line":95,"column":5}},"46":{"start":{"line":97,"column":2},"end":{"line":97,"column":51}},"47":{"start":{"line":101,"column":0},"end":{"line":115,"column":3}},"48":{"start":{"line":102,"column":18},"end":{"line":102,"column":55}},"49":{"start":{"line":104,"column":2},"end":{"line":106,"column":3}},"50":{"start":{"line":105,"column":4},"end":{"line":105,"column":60}},"51":{"start":{"line":108,"column":2},"end":{"line":110,"column":4}},"52":{"start":{"line":109,"column":32},"end":{"line":109,"column":74}},"53":{"start":{"line":112,"column":2},"end":{"line":112,"column":28}},"54":{"start":{"line":114,"column":2},"end":{"line":114,"column":83}},"55":{"start":{"line":118,"column":0},"end":{"line":126,"column":3}},"56":{"start":{"line":119,"column":18},"end":{"line":119,"column":55}},"57":{"start":{"line":121,"column":2},"end":{"line":123,"column":3}},"58":{"start":{"line":122,"column":4},"end":{"line":122,"column":60}},"59":{"start":{"line":125,"column":2},"end":{"line":125,"column":51}},"60":{"start":{"line":129,"column":0},"end":{"line":163,"column":3}},"61":{"start":{"line":130,"column":41},"end":{"line":130,"column":49}},"62":{"start":{"line":131,"column":17},"end":{"line":137,"column":3}},"63":{"start":{"line":139,"column":18},"end":{"line":139,"column":51}},"64":{"start":{"line":141,"column":21},"end":{"line":143,"column":3}},"65":{"start":{"line":142,"column":13},"end":{"line":142,"column":60}},"66":{"start":{"line":145,"column":2},"end":{"line":155,"column":3}},"67":{"start":{"line":146,"column":4},"end":{"line":151,"column":7}},"68":{"start":{"line":147,"column":6},"end":{"line":150,"column":7}},"69":{"start":{"line":148,"column":8},"end":{"line":148,"column":29}},"70":{"start":{"line":149,"column":8},"end":{"line":149,"column":30}},"71":{"start":{"line":153,"column":4},"end":{"line":153,"column":33}},"72":{"start":{"line":154,"column":4},"end":{"line":154,"column":50}},"73":{"start":{"line":157,"column":12},"end":{"line":157,"column":13}},"74":{"start":{"line":158,"column":2},"end":{"line":158,"column":59}},"75":{"start":{"line":158,"column":37},"end":{"line":158,"column":55}},"76":{"start":{"line":159,"column":2},"end":{"line":159,"column":49}},"77":{"start":{"line":161,"column":2},"end":{"line":161,"column":52}},"78":{"start":{"line":162,"column":2},"end":{"line":162,"column":42}},"79":{"start":{"line":166,"column":0},"end":{"line":174,"column":3}},"80":{"start":{"line":167,"column":18},"end":{"line":167,"column":54}},"81":{"start":{"line":169,"column":2},"end":{"line":171,"column":3}},"82":{"start":{"line":170,"column":4},"end":{"line":170,"column":60}},"83":{"start":{"line":173,"column":2},"end":{"line":173,"column":68}},"84":{"start":{"line":177,"column":0},"end":{"line":201,"column":3}},"85":{"start":{"line":178,"column":18},"end":{"line":178,"column":61}},"86":{"start":{"line":180,"column":2},"end":{"line":182,"column":3}},"87":{"start":{"line":181,"column":4},"end":{"line":181,"column":60}},"88":{"start":{"line":184,"column":18},"end":{"line":186,"column":3}},"89":{"start":{"line":185,"column":13},"end":{"line":185,"column":59}},"90":{"start":{"line":188,"column":12},"end":{"line":188,"column":13}},"91":{"start":{"line":189,"column":2},"end":{"line":189,"column":51}},"92":{"start":{"line":189,"column":29},"end":{"line":189,"column":47}},"93":{"start":{"line":191,"column":23},"end":{"line":191,"column":70}},"94":{"start":{"line":192,"column":23},"end":{"line":192,"column":37}},"95":{"start":{"line":194,"column":2},"end":{"line":198,"column":4}},"96":{"start":{"line":200,"column":2},"end":{"line":200,"column":42}}},"fnMap":{"0":{"name":"(anonymous_0)","decl":{"start":{"line":8,"column":41},"end":{"line":8,"column":42}},"loc":{"start":{"line":8,"column":68},"end":{"line":31,"column":1}},"line":8},"1":{"name":"(anonymous_1)","decl":{"start":{"line":18,"column":15},"end":{"line":18,"column":16}},"loc":{"start":{"line":19,"column":6},"end":{"line":21,"column":69}},"line":19},"2":{"name":"(anonymous_2)","decl":{"start":{"line":21,"column":14},"end":{"line":21,"column":15}},"loc":{"start":{"line":21,"column":22},"end":{"line":21,"column":67}},"line":21},"3":{"name":"(anonymous_3)","decl":{"start":{"line":34,"column":42},"end":{"line":34,"column":43}},"loc":{"start":{"line":34,"column":62},"end":{"line":54,"column":1}},"line":34},"4":{"name":"(anonymous_4)","decl":{"start":{"line":57,"column":44},"end":{"line":57,"column":45}},"loc":{"start":{"line":57,"column":71},"end":{"line":60,"column":1}},"line":57},"5":{"name":"(anonymous_5)","decl":{"start":{"line":63,"column":41},"end":{"line":63,"column":42}},"loc":{"start":{"line":63,"column":67},"end":{"line":98,"column":1}},"line":63},"6":{"name":"(anonymous_6)","decl":{"start":{"line":79,"column":25},"end":{"line":79,"column":26}},"loc":{"start":{"line":79,"column":34},"end":{"line":79,"column":76}},"line":79},"7":{"name":"(anonymous_7)","decl":{"start":{"line":83,"column":17},"end":{"line":83,"column":18}},"loc":{"start":{"line":84,"column":8},"end":{"line":86,"column":71}},"line":84},"8":{"name":"(anonymous_8)","decl":{"start":{"line":86,"column":16},"end":{"line":86,"column":17}},"loc":{"start":{"line":86,"column":24},"end":{"line":86,"column":69}},"line":86},"9":{"name":"(anonymous_9)","decl":{"start":{"line":101,"column":41},"end":{"line":101,"column":42}},"loc":{"start":{"line":101,"column":67},"end":{"line":115,"column":1}},"line":101},"10":{"name":"(anonymous_10)","decl":{"start":{"line":109,"column":23},"end":{"line":109,"column":24}},"loc":{"start":{"line":109,"column":32},"end":{"line":109,"column":74}},"line":109},"11":{"name":"(anonymous_11)","decl":{"start":{"line":118,"column":45},"end":{"line":118,"column":46}},"loc":{"start":{"line":118,"column":71},"end":{"line":126,"column":1}},"line":118},"12":{"name":"(anonymous_12)","decl":{"start":{"line":129,"column":47},"end":{"line":129,"column":48}},"loc":{"start":{"line":129,"column":74},"end":{"line":163,"column":1}},"line":129},"13":{"name":"(anonymous_13)","decl":{"start":{"line":142,"column":4},"end":{"line":142,"column":5}},"loc":{"start":{"line":142,"column":13},"end":{"line":142,"column":60}},"line":142},"14":{"name":"(anonymous_14)","decl":{"start":{"line":146,"column":28},"end":{"line":146,"column":29}},"loc":{"start":{"line":146,"column":37},"end":{"line":151,"column":5}},"line":146},"15":{"name":"(anonymous_15)","decl":{"start":{"line":158,"column":26},"end":{"line":158,"column":27}},"loc":{"start":{"line":158,"column":35},"end":{"line":158,"column":57}},"line":158},"16":{"name":"(anonymous_16)","decl":{"start":{"line":166,"column":45},"end":{"line":166,"column":46}},"loc":{"start":{"line":166,"column":71},"end":{"line":174,"column":1}},"line":166},"17":{"name":"(anonymous_17)","decl":{"start":{"line":177,"column":47},"end":{"line":177,"column":48}},"loc":{"start":{"line":177,"column":73},"end":{"line":201,"column":1}},"line":177},"18":{"name":"(anonymous_18)","decl":{"start":{"line":185,"column":4},"end":{"line":185,"column":5}},"loc":{"start":{"line":185,"column":13},"end":{"line":185,"column":59}},"line":185},"19":{"name":"(anonymous_19)","decl":{"start":{"line":189,"column":18},"end":{"line":189,"column":19}},"loc":{"start":{"line":189,"column":27},"end":{"line":189,"column":49}},"line":189}},"branchMap":{"0":{"loc":{"start":{"line":11,"column":2},"end":{"line":15,"column":3}},"type":"if","locations":[{"start":{"line":11,"column":2},"end":{"line":15,"column":3}},{"start":{"line":13,"column":9},"end":{"line":15,"column":3}}],"line":11},"1":{"loc":{"start":{"line":66,"column":2},"end":{"line":68,"column":3}},"type":"if","locations":[{"start":{"line":66,"column":2},"end":{"line":68,"column":3}},{"start":{},"end":{}}],"line":66},"2":{"loc":{"start":{"line":71,"column":2},"end":{"line":75,"column":3}},"type":"if","locations":[{"start":{"line":71,"column":2},"end":{"line":75,"column":3}},{"start":{"line":73,"column":9},"end":{"line":75,"column":3}}],"line":71},"3":{"loc":{"start":{"line":77,"column":2},"end":{"line":90,"column":3}},"type":"if","locations":[{"start":{"line":77,"column":2},"end":{"line":90,"column":3}},{"start":{},"end":{}}],"line":77},"4":{"loc":{"start":{"line":104,"column":2},"end":{"line":106,"column":3}},"type":"if","locations":[{"start":{"line":104,"column":2},"end":{"line":106,"column":3}},{"start":{},"end":{}}],"line":104},"5":{"loc":{"start":{"line":121,"column":2},"end":{"line":123,"column":3}},"type":"if","locations":[{"start":{"line":121,"column":2},"end":{"line":123,"column":3}},{"start":{},"end":{}}],"line":121},"6":{"loc":{"start":{"line":145,"column":2},"end":{"line":155,"column":3}},"type":"if","locations":[{"start":{"line":145,"column":2},"end":{"line":155,"column":3}},{"start":{"line":152,"column":9},"end":{"line":155,"column":3}}],"line":145},"7":{"loc":{"start":{"line":147,"column":6},"end":{"line":150,"column":7}},"type":"if","locations":[{"start":{"line":147,"column":6},"end":{"line":150,"column":7}},{"start":{},"end":{}}],"line":147},"8":{"loc":{"start":{"line":169,"column":2},"end":{"line":171,"column":3}},"type":"if","locations":[{"start":{"line":169,"column":2},"end":{"line":171,"column":3}},{"start":{},"end":{}}],"line":169},"9":{"loc":{"start":{"line":180,"column":2},"end":{"line":182,"column":3}},"type":"if","locations":[{"start":{"line":180,"column":2},"end":{"line":182,"column":3}},{"start":{},"end":{}}],"line":180},"10":{"loc":{"start":{"line":191,"column":23},"end":{"line":191,"column":70}},"type":"cond-expr","locations":[{"start":{"line":191,"column":46},"end":{"line":191,"column":47}},{"start":{"line":191,"column":50},"end":{"line":191,"column":70}}],"line":191}},"s":{"0":3,"1":3,"2":3,"3":3,"4":3,"5":3,"6":0,"7":0,"8":0,"9":0,"10":0,"11":0,"12":0,"13":0,"14":0,"15":0,"16":0,"17":0,"18":3,"19":1,"20":1,"21":1,"22":1,"23":1,"24":1,"25":1,"26":1,"27":3,"28":0,"29":0,"30":3,"31":0,"32":0,"33":0,"34":0,"35":0,"36":0,"37":0,"38":0,"39":0,"40":0,"41":0,"42":0,"43":0,"44":0,"45":0,"46":0,"47":3,"48":0,"49":0,"50":0,"51":0,"52":0,"53":0,"54":0,"55":3,"56":1,"57":1,"58":1,"59":0,"60":3,"61":0,"62":0,"63":0,"64":0,"65":0,"66":0,"67":0,"68":0,"69":0,"70":0,"71":0,"72":0,"73":0,"74":0,"75":0,"76":0,"77":0,"78":0,"79":3,"80":0,"81":0,"82":0,"83":0,"84":3,"85":0,"86":0,"87":0,"88":0,"89":0,"90":0,"91":0,"92":0,"93":0,"94":0,"95":0,"96":0},"f":{"0":0,"1":0,"2":0,"3":1,"4":0,"5":0,"6":0,"7":0,"8":0,"9":0,"10":0,"11":1,"12":0,"13":0,"14":0,"15":0,"16":0,"17":0,"18":0,"19":0},"b":{"0":[0,0],"1":[0,0],"2":[0,0],"3":[0,0],"4":[0,0],"5":[1,0],"6":[0,0],"7":[0,0],"8":[0,0],"9":[0,0],"10":[0,0]},"_coverageSchema":"1a1c01bbd47fc00a2c39e90264f33305004495a9","hash":"48662b28d9309e338a3224eb92d4f6be2ed034d8"}
,"/Users/jagkaransingh/work/mern-ecommerce/backend/controllers/userController.js": {"path":"/Users/jagkaransingh/work/mern-ecommerce/backend/controllers/userController.js","statementMap":{"0":{"start":{"line":1,"column":21},"end":{"line":1,"column":53}},"1":{"start":{"line":2,"column":25},"end":{"line":2,"column":66}},"2":{"start":{"line":3,"column":13},"end":{"line":3,"column":43}},"3":{"start":{"line":4,"column":18},"end":{"line":4,"column":46}},"4":{"start":{"line":5,"column":18},"end":{"line":5,"column":47}},"5":{"start":{"line":6,"column":15},"end":{"line":6,"column":32}},"6":{"start":{"line":7,"column":19},"end":{"line":7,"column":43}},"7":{"start":{"line":10,"column":0},"end":{"line":28,"column":3}},"8":{"start":{"line":11,"column":18},"end":{"line":15,"column":4}},"9":{"start":{"line":16,"column":36},"end":{"line":16,"column":44}},"10":{"start":{"line":17,"column":15},"end":{"line":25,"column":4}},"11":{"start":{"line":27,"column":2},"end":{"line":27,"column":28}},"12":{"start":{"line":30,"column":0},"end":{"line":56,"column":3}},"13":{"start":{"line":31,"column":30},"end":{"line":31,"column":38}},"14":{"start":{"line":34,"column":2},"end":{"line":36,"column":3}},"15":{"start":{"line":35,"column":4},"end":{"line":35,"column":79}},"16":{"start":{"line":38,"column":15},"end":{"line":38,"column":64}},"17":{"start":{"line":40,"column":2},"end":{"line":42,"column":3}},"18":{"start":{"line":41,"column":4},"end":{"line":41,"column":68}},"19":{"start":{"line":44,"column":28},"end":{"line":44,"column":64}},"20":{"start":{"line":46,"column":2},"end":{"line":53,"column":3}},"21":{"start":{"line":47,"column":4},"end":{"line":52,"column":6}},"22":{"start":{"line":55,"column":2},"end":{"line":55,"column":28}},"23":{"start":{"line":59,"column":0},"end":{"line":69,"column":3}},"24":{"start":{"line":60,"column":2},"end":{"line":63,"column":5}},"25":{"start":{"line":65,"column":2},"end":{"line":68,"column":5}},"26":{"start":{"line":72,"column":0},"end":{"line":112,"column":3}},"27":{"start":{"line":73,"column":15},"end":{"line":73,"column":60}},"28":{"start":{"line":75,"column":2},"end":{"line":77,"column":3}},"29":{"start":{"line":76,"column":4},"end":{"line":76,"column":57}},"30":{"start":{"line":80,"column":21},"end":{"line":80,"column":49}},"31":{"start":{"line":82,"column":2},"end":{"line":82,"column":49}},"32":{"start":{"line":88,"column":27},"end":{"line":90,"column":34}},"33":{"start":{"line":92,"column":18},"end":{"line":92,"column":133}},"34":{"start":{"line":94,"column":2},"end":{"line":111,"column":3}},"35":{"start":{"line":95,"column":4},"end":{"line":99,"column":7}},"36":{"start":{"line":100,"column":4},"end":{"line":103,"column":7}},"37":{"start":{"line":105,"column":4},"end":{"line":105,"column":40}},"38":{"start":{"line":106,"column":4},"end":{"line":106,"column":41}},"39":{"start":{"line":108,"column":4},"end":{"line":108,"column":51}},"40":{"start":{"line":110,"column":4},"end":{"line":110,"column":54}},"41":{"start":{"line":115,"column":0},"end":{"line":147,"column":3}},"42":{"start":{"line":117,"column":29},"end":{"line":120,"column":18}},"43":{"start":{"line":122,"column":15},"end":{"line":125,"column":4}},"44":{"start":{"line":127,"column":2},"end":{"line":134,"column":3}},"45":{"start":{"line":128,"column":4},"end":{"line":133,"column":6}},"46":{"start":{"line":136,"column":2},"end":{"line":138,"column":3}},"47":{"start":{"line":137,"column":4},"end":{"line":137,"column":66}},"48":{"start":{"line":140,"column":2},"end":{"line":140,"column":36}},"49":{"start":{"line":141,"column":2},"end":{"line":141,"column":38}},"50":{"start":{"line":142,"column":2},"end":{"line":142,"column":39}},"51":{"start":{"line":144,"column":2},"end":{"line":144,"column":20}},"52":{"start":{"line":146,"column":2},"end":{"line":146,"column":28}},"53":{"start":{"line":150,"column":0},"end":{"line":157,"column":3}},"54":{"start":{"line":151,"column":15},"end":{"line":151,"column":47}},"55":{"start":{"line":153,"column":2},"end":{"line":156,"column":5}},"56":{"start":{"line":160,"column":0},"end":{"line":177,"column":3}},"57":{"start":{"line":161,"column":15},"end":{"line":161,"column":67}},"58":{"start":{"line":163,"column":28},"end":{"line":163,"column":76}},"59":{"start":{"line":165,"column":2},"end":{"line":167,"column":3}},"60":{"start":{"line":166,"column":4},"end":{"line":166,"column":68}},"61":{"start":{"line":169,"column":2},"end":{"line":171,"column":3}},"62":{"start":{"line":170,"column":4},"end":{"line":170,"column":69}},"63":{"start":{"line":173,"column":2},"end":{"line":173,"column":39}},"64":{"start":{"line":175,"column":2},"end":{"line":175,"column":20}},"65":{"start":{"line":176,"column":2},"end":{"line":176,"column":28}},"66":{"start":{"line":180,"column":0},"end":{"line":213,"column":3}},"67":{"start":{"line":181,"column":22},"end":{"line":184,"column":3}},"68":{"start":{"line":186,"column":2},"end":{"line":201,"column":3}},"69":{"start":{"line":188,"column":17},"end":{"line":188,"column":49}},"70":{"start":{"line":189,"column":20},"end":{"line":189,"column":45}},"71":{"start":{"line":190,"column":4},"end":{"line":190,"column":47}},"72":{"start":{"line":191,"column":20},"end":{"line":195,"column":6}},"73":{"start":{"line":197,"column":4},"end":{"line":200,"column":6}},"74":{"start":{"line":203,"column":15},"end":{"line":207,"column":4}},"75":{"start":{"line":209,"column":2},"end":{"line":212,"column":5}},"76":{"start":{"line":216,"column":0},"end":{"line":224,"column":3}},"77":{"start":{"line":217,"column":16},"end":{"line":217,"column":33}},"78":{"start":{"line":218,"column":21},"end":{"line":218,"column":48}},"79":{"start":{"line":219,"column":2},"end":{"line":223,"column":5}},"80":{"start":{"line":227,"column":0},"end":{"line":240,"column":3}},"81":{"start":{"line":228,"column":15},"end":{"line":228,"column":49}},"82":{"start":{"line":230,"column":2},"end":{"line":234,"column":3}},"83":{"start":{"line":231,"column":4},"end":{"line":233,"column":6}},"84":{"start":{"line":236,"column":2},"end":{"line":239,"column":5}},"85":{"start":{"line":243,"column":0},"end":{"line":259,"column":3}},"86":{"start":{"line":244,"column":22},"end":{"line":248,"column":3}},"87":{"start":{"line":250,"column":2},"end":{"line":254,"column":5}},"88":{"start":{"line":256,"column":2},"end":{"line":258,"column":5}},"89":{"start":{"line":262,"column":0},"end":{"line":281,"column":3}},"90":{"start":{"line":263,"column":15},"end":{"line":263,"column":49}},"91":{"start":{"line":265,"column":2},"end":{"line":269,"column":3}},"92":{"start":{"line":266,"column":4},"end":{"line":268,"column":6}},"93":{"start":{"line":271,"column":18},"end":{"line":271,"column":43}},"94":{"start":{"line":273,"column":2},"end":{"line":273,"column":45}},"95":{"start":{"line":275,"column":2},"end":{"line":275,"column":22}},"96":{"start":{"line":277,"column":2},"end":{"line":280,"column":5}}},"fnMap":{"0":{"name":"(anonymous_0)","decl":{"start":{"line":10,"column":40},"end":{"line":10,"column":41}},"loc":{"start":{"line":10,"column":66},"end":{"line":28,"column":1}},"line":10},"1":{"name":"(anonymous_1)","decl":{"start":{"line":30,"column":37},"end":{"line":30,"column":38}},"loc":{"start":{"line":30,"column":63},"end":{"line":56,"column":1}},"line":30},"2":{"name":"(anonymous_2)","decl":{"start":{"line":59,"column":34},"end":{"line":59,"column":35}},"loc":{"start":{"line":59,"column":60},"end":{"line":69,"column":1}},"line":59},"3":{"name":"(anonymous_3)","decl":{"start":{"line":72,"column":42},"end":{"line":72,"column":43}},"loc":{"start":{"line":72,"column":68},"end":{"line":112,"column":1}},"line":72},"4":{"name":"(anonymous_4)","decl":{"start":{"line":115,"column":41},"end":{"line":115,"column":42}},"loc":{"start":{"line":115,"column":67},"end":{"line":147,"column":1}},"line":115},"5":{"name":"(anonymous_5)","decl":{"start":{"line":150,"column":42},"end":{"line":150,"column":43}},"loc":{"start":{"line":150,"column":68},"end":{"line":157,"column":1}},"line":150},"6":{"name":"(anonymous_6)","decl":{"start":{"line":160,"column":42},"end":{"line":160,"column":43}},"loc":{"start":{"line":160,"column":68},"end":{"line":177,"column":1}},"line":160},"7":{"name":"(anonymous_7)","decl":{"start":{"line":180,"column":41},"end":{"line":180,"column":42}},"loc":{"start":{"line":180,"column":67},"end":{"line":213,"column":1}},"line":180},"8":{"name":"(anonymous_8)","decl":{"start":{"line":216,"column":39},"end":{"line":216,"column":40}},"loc":{"start":{"line":216,"column":65},"end":{"line":224,"column":1}},"line":216},"9":{"name":"(anonymous_9)","decl":{"start":{"line":227,"column":41},"end":{"line":227,"column":42}},"loc":{"start":{"line":227,"column":67},"end":{"line":240,"column":1}},"line":227},"10":{"name":"(anonymous_10)","decl":{"start":{"line":243,"column":42},"end":{"line":243,"column":43}},"loc":{"start":{"line":243,"column":68},"end":{"line":259,"column":1}},"line":243},"11":{"name":"(anonymous_11)","decl":{"start":{"line":262,"column":38},"end":{"line":262,"column":39}},"loc":{"start":{"line":262,"column":64},"end":{"line":281,"column":1}},"line":262}},"branchMap":{"0":{"loc":{"start":{"line":34,"column":2},"end":{"line":36,"column":3}},"type":"if","locations":[{"start":{"line":34,"column":2},"end":{"line":36,"column":3}},{"start":{},"end":{}}],"line":34},"1":{"loc":{"start":{"line":34,"column":6},"end":{"line":34,"column":25}},"type":"binary-expr","locations":[{"start":{"line":34,"column":6},"end":{"line":34,"column":12}},{"start":{"line":34,"column":16},"end":{"line":34,"column":25}}],"line":34},"2":{"loc":{"start":{"line":40,"column":2},"end":{"line":42,"column":3}},"type":"if","locations":[{"start":{"line":40,"column":2},"end":{"line":42,"column":3}},{"start":{},"end":{}}],"line":40},"3":{"loc":{"start":{"line":46,"column":2},"end":{"line":53,"column":3}},"type":"if","locations":[{"start":{"line":46,"column":2},"end":{"line":53,"column":3}},{"start":{},"end":{}}],"line":46},"4":{"loc":{"start":{"line":75,"column":2},"end":{"line":77,"column":3}},"type":"if","locations":[{"start":{"line":75,"column":2},"end":{"line":77,"column":3}},{"start":{},"end":{}}],"line":75},"5":{"loc":{"start":{"line":127,"column":2},"end":{"line":134,"column":3}},"type":"if","locations":[{"start":{"line":127,"column":2},"end":{"line":134,"column":3}},{"start":{},"end":{}}],"line":127},"6":{"loc":{"start":{"line":136,"column":2},"end":{"line":138,"column":3}},"type":"if","locations":[{"start":{"line":136,"column":2},"end":{"line":138,"column":3}},{"start":{},"end":{}}],"line":136},"7":{"loc":{"start":{"line":165,"column":2},"end":{"line":167,"column":3}},"type":"if","locations":[{"start":{"line":165,"column":2},"end":{"line":167,"column":3}},{"start":{},"end":{}}],"line":165},"8":{"loc":{"start":{"line":169,"column":2},"end":{"line":171,"column":3}},"type":"if","locations":[{"start":{"line":169,"column":2},"end":{"line":171,"column":3}},{"start":{},"end":{}}],"line":169},"9":{"loc":{"start":{"line":186,"column":2},"end":{"line":201,"column":3}},"type":"if","locations":[{"start":{"line":186,"column":2},"end":{"line":201,"column":3}},{"start":{},"end":{}}],"line":186},"10":{"loc":{"start":{"line":230,"column":2},"end":{"line":234,"column":3}},"type":"if","locations":[{"start":{"line":230,"column":2},"end":{"line":234,"column":3}},{"start":{},"end":{}}],"line":230},"11":{"loc":{"start":{"line":265,"column":2},"end":{"line":269,"column":3}},"type":"if","locations":[{"start":{"line":265,"column":2},"end":{"line":269,"column":3}},{"start":{},"end":{}}],"line":265}},"s":{"0":3,"1":3,"2":3,"3":3,"4":3,"5":3,"6":3,"7":3,"8":1,"9":1,"10":1,"11":1,"12":3,"13":1,"14":1,"15":0,"16":1,"17":1,"18":0,"19":1,"20":1,"21":0,"22":1,"23":3,"24":1,"25":1,"26":3,"27":0,"28":0,"29":0,"30":0,"31":0,"32":0,"33":0,"34":0,"35":0,"36":0,"37":0,"38":0,"39":0,"40":0,"41":3,"42":0,"43":0,"44":0,"45":0,"46":0,"47":0,"48":0,"49":0,"50":0,"51":0,"52":0,"53":3,"54":1,"55":1,"56":3,"57":0,"58":0,"59":0,"60":0,"61":0,"62":0,"63":0,"64":0,"65":0,"66":3,"67":0,"68":0,"69":0,"70":0,"71":0,"72":0,"73":0,"74":0,"75":0,"76":3,"77":0,"78":0,"79":0,"80":3,"81":0,"82":0,"83":0,"84":0,"85":3,"86":0,"87":0,"88":0,"89":3,"90":0,"91":0,"92":0,"93":0,"94":0,"95":0,"96":0},"f":{"0":1,"1":1,"2":1,"3":0,"4":0,"5":1,"6":0,"7":0,"8":0,"9":0,"10":0,"11":0},"b":{"0":[0,1],"1":[1,1],"2":[0,1],"3":[0,1],"4":[0,0],"5":[0,0],"6":[0,0],"7":[0,0],"8":[0,0],"9":[0,0],"10":[0,0],"11":[0,0]},"_coverageSchema":"1a1c01bbd47fc00a2c39e90264f33305004495a9","hash":"24daae18672e34f007bcc919a143446ba64c4984"}
,"/Users/jagkaransingh/work/mern-ecommerce/backend/middleware/auth.js": {"path":"/Users/jagkaransingh/work/mern-ecommerce/backend/middleware/auth.js","statementMap":{"0":{"start":{"line":1,"column":21},"end":{"line":1,"column":53}},"1":{"start":{"line":2,"column":25},"end":{"line":2,"column":54}},"2":{"start":{"line":3,"column":12},"end":{"line":3,"column":35}},"3":{"start":{"line":4,"column":13},"end":{"line":4,"column":43}},"4":{"start":{"line":6,"column":0},"end":{"line":18,"column":3}},"5":{"start":{"line":7,"column":20},"end":{"line":7,"column":31}},"6":{"start":{"line":9,"column":2},"end":{"line":11,"column":3}},"7":{"start":{"line":10,"column":4},"end":{"line":10,"column":79}},"8":{"start":{"line":13,"column":21},"end":{"line":13,"column":62}},"9":{"start":{"line":15,"column":2},"end":{"line":15,"column":48}},"10":{"start":{"line":17,"column":2},"end":{"line":17,"column":9}},"11":{"start":{"line":20,"column":0},"end":{"line":33,"column":2}},"12":{"start":{"line":21,"column":2},"end":{"line":32,"column":4}},"13":{"start":{"line":23,"column":4},"end":{"line":30,"column":5}},"14":{"start":{"line":24,"column":6},"end":{"line":29,"column":8}},"15":{"start":{"line":31,"column":4},"end":{"line":31,"column":11}}},"fnMap":{"0":{"name":"(anonymous_0)","decl":{"start":{"line":6,"column":47},"end":{"line":6,"column":48}},"loc":{"start":{"line":6,"column":73},"end":{"line":18,"column":1}},"line":6},"1":{"name":"(anonymous_1)","decl":{"start":{"line":20,"column":25},"end":{"line":20,"column":26}},"loc":{"start":{"line":20,"column":39},"end":{"line":33,"column":1}},"line":20},"2":{"name":"(anonymous_2)","decl":{"start":{"line":21,"column":9},"end":{"line":21,"column":10}},"loc":{"start":{"line":21,"column":29},"end":{"line":32,"column":3}},"line":21}},"branchMap":{"0":{"loc":{"start":{"line":9,"column":2},"end":{"line":11,"column":3}},"type":"if","locations":[{"start":{"line":9,"column":2},"end":{"line":11,"column":3}},{"start":{},"end":{}}],"line":9},"1":{"loc":{"start":{"line":23,"column":4},"end":{"line":30,"column":5}},"type":"if","locations":[{"start":{"line":23,"column":4},"end":{"line":30,"column":5}},{"start":{},"end":{}}],"line":23}},"s":{"0":3,"1":3,"2":3,"3":3,"4":3,"5":3,"6":3,"7":2,"8":1,"9":1,"10":1,"11":3,"12":33,"13":0,"14":0,"15":0},"f":{"0":3,"1":33,"2":0},"b":{"0":[2,1],"1":[0,0]},"_coverageSchema":"1a1c01bbd47fc00a2c39e90264f33305004495a9","hash":"714297df6b6c15779aea591d75715736c32de9af"}
,"/Users/jagkaransingh/work/mern-ecommerce/backend/middleware/catchAsyncErrors.js": {"path":"/Users/jagkaransingh/work/mern-ecommerce/backend/middleware/catchAsyncErrors.js","statementMap":{"0":{"start":{"line":1,"column":0},"end":{"line":3,"column":2}},"1":{"start":{"line":1,"column":30},"end":{"line":3,"column":1}},"2":{"start":{"line":2,"column":2},"end":{"line":2,"column":55}}},"fnMap":{"0":{"name":"(anonymous_0)","decl":{"start":{"line":1,"column":17},"end":{"line":1,"column":18}},"loc":{"start":{"line":1,"column":30},"end":{"line":3,"column":1}},"line":1},"1":{"name":"(anonymous_1)","decl":{"start":{"line":1,"column":30},"end":{"line":1,"column":31}},"loc":{"start":{"line":1,"column":50},"end":{"line":3,"column":1}},"line":1}},"branchMap":{},"s":{"0":3,"1":90,"2":9},"f":{"0":90,"1":9},"b":{},"_coverageSchema":"1a1c01bbd47fc00a2c39e90264f33305004495a9","hash":"3d5db34d4122631fdd8908c2f67bd8251437341c"}
,"/Users/jagkaransingh/work/mern-ecommerce/backend/middleware/error.js": {"path":"/Users/jagkaransingh/work/mern-ecommerce/backend/middleware/error.js","statementMap":{"0":{"start":{"line":1,"column":21},"end":{"line":1,"column":53}},"1":{"start":{"line":3,"column":0},"end":{"line":37,"column":2}},"2":{"start":{"line":4,"column":2},"end":{"line":4,"column":41}},"3":{"start":{"line":5,"column":2},"end":{"line":5,"column":55}},"4":{"start":{"line":8,"column":2},"end":{"line":11,"column":3}},"5":{"start":{"line":9,"column":20},"end":{"line":9,"column":61}},"6":{"start":{"line":10,"column":4},"end":{"line":10,"column":41}},"7":{"start":{"line":14,"column":2},"end":{"line":19,"column":3}},"8":{"start":{"line":15,"column":20},"end":{"line":17,"column":51}},"9":{"start":{"line":18,"column":4},"end":{"line":18,"column":41}},"10":{"start":{"line":22,"column":2},"end":{"line":25,"column":3}},"11":{"start":{"line":23,"column":20},"end":{"line":23,"column":51}},"12":{"start":{"line":24,"column":4},"end":{"line":24,"column":41}},"13":{"start":{"line":28,"column":2},"end":{"line":31,"column":3}},"14":{"start":{"line":29,"column":20},"end":{"line":29,"column":60}},"15":{"start":{"line":30,"column":4},"end":{"line":30,"column":41}},"16":{"start":{"line":33,"column":2},"end":{"line":36,"column":5}}},"fnMap":{"0":{"name":"(anonymous_0)","decl":{"start":{"line":3,"column":17},"end":{"line":3,"column":18}},"loc":{"start":{"line":3,"column":42},"end":{"line":37,"column":1}},"line":3}},"branchMap":{"0":{"loc":{"start":{"line":4,"column":19},"end":{"line":4,"column":40}},"type":"binary-expr","locations":[{"start":{"line":4,"column":19},"end":{"line":4,"column":33}},{"start":{"line":4,"column":37},"end":{"line":4,"column":40}}],"line":4},"1":{"loc":{"start":{"line":5,"column":16},"end":{"line":5,"column":54}},"type":"binary-expr","locations":[{"start":{"line":5,"column":16},"end":{"line":5,"column":27}},{"start":{"line":5,"column":31},"end":{"line":5,"column":54}}],"line":5},"2":{"loc":{"start":{"line":8,"column":2},"end":{"line":11,"column":3}},"type":"if","locations":[{"start":{"line":8,"column":2},"end":{"line":11,"column":3}},{"start":{},"end":{}}],"line":8},"3":{"loc":{"start":{"line":14,"column":2},"end":{"line":19,"column":3}},"type":"if","locations":[{"start":{"line":14,"column":2},"end":{"line":19,"column":3}},{"start":{},"end":{}}],"line":14},"4":{"loc":{"start":{"line":22,"column":2},"end":{"line":25,"column":3}},"type":"if","locations":[{"start":{"line":22,"column":2},"end":{"line":25,"column":3}},{"start":{},"end":{}}],"line":22},"5":{"loc":{"start":{"line":28,"column":2},"end":{"line":31,"column":3}},"type":"if","locations":[{"start":{"line":28,"column":2},"end":{"line":31,"column":3}},{"start":{},"end":{}}],"line":28}},"s":{"0":3,"1":3,"2":3,"3":3,"4":3,"5":0,"6":0,"7":3,"8":0,"9":0,"10":3,"11":0,"12":0,"13":3,"14":0,"15":0,"16":3},"f":{"0":3},"b":{"0":[3,0],"1":[3,0],"2":[0,3],"3":[0,3],"4":[0,3],"5":[0,3]},"_coverageSchema":"1a1c01bbd47fc00a2c39e90264f33305004495a9","hash":"1773389ff1e766483cb52717e00ca1091ee105aa"}
,"/Users/jagkaransingh/work/mern-ecommerce/backend/models/orderModel.js": {"path":"/Users/jagkaransingh/work/mern-ecommerce/backend/models/orderModel.js","statementMap":{"0":{"start":{"line":1,"column":17},"end":{"line":1,"column":36}},"1":{"start":{"line":3,"column":20},"end":{"line":114,"column":2}},"2":{"start":{"line":116,"column":0},"end":{"line":116,"column":54}}},"fnMap":{},"branchMap":{},"s":{"0":3,"1":3,"2":3},"f":{},"b":{},"_coverageSchema":"1a1c01bbd47fc00a2c39e90264f33305004495a9","hash":"5aafb14de06c167fcf86d68a7fa2ea612b58d7c1"}
,"/Users/jagkaransingh/work/mern-ecommerce/backend/models/productModel.js": {"path":"/Users/jagkaransingh/work/mern-ecommerce/backend/models/productModel.js","statementMap":{"0":{"start":{"line":1,"column":17},"end":{"line":1,"column":36}},"1":{"start":{"line":3,"column":22},"end":{"line":84,"column":2}},"2":{"start":{"line":86,"column":0},"end":{"line":86,"column":58}}},"fnMap":{},"branchMap":{},"s":{"0":3,"1":3,"2":3},"f":{},"b":{},"_coverageSchema":"1a1c01bbd47fc00a2c39e90264f33305004495a9","hash":"043864ec99716d1330a3df5612d43519bd99b9a8"}
,"/Users/jagkaransingh/work/mern-ecommerce/backend/models/userModel.js": {"path":"/Users/jagkaransingh/work/mern-ecommerce/backend/models/userModel.js","statementMap":{"0":{"start":{"line":1,"column":17},"end":{"line":1,"column":36}},"1":{"start":{"line":2,"column":18},"end":{"line":2,"column":38}},"2":{"start":{"line":3,"column":15},"end":{"line":3,"column":34}},"3":{"start":{"line":4,"column":12},"end":{"line":4,"column":35}},"4":{"start":{"line":5,"column":15},"end":{"line":5,"column":32}},"5":{"start":{"line":7,"column":19},"end":{"line":46,"column":2}},"6":{"start":{"line":48,"column":0},"end":{"line":53,"column":3}},"7":{"start":{"line":49,"column":2},"end":{"line":51,"column":3}},"8":{"start":{"line":50,"column":4},"end":{"line":50,"column":11}},"9":{"start":{"line":52,"column":2},"end":{"line":52,"column":55}},"10":{"start":{"line":56,"column":0},"end":{"line":60,"column":2}},"11":{"start":{"line":57,"column":2},"end":{"line":59,"column":5}},"12":{"start":{"line":63,"column":0},"end":{"line":65,"column":2}},"13":{"start":{"line":64,"column":2},"end":{"line":64,"column":62}},"14":{"start":{"line":68,"column":0},"end":{"line":82,"column":2}},"15":{"start":{"line":70,"column":21},"end":{"line":70,"column":59}},"16":{"start":{"line":73,"column":2},"end":{"line":76,"column":19}},"17":{"start":{"line":79,"column":2},"end":{"line":79,"column":57}},"18":{"start":{"line":81,"column":2},"end":{"line":81,"column":20}},"19":{"start":{"line":84,"column":0},"end":{"line":84,"column":52}}},"fnMap":{"0":{"name":"(anonymous_0)","decl":{"start":{"line":48,"column":23},"end":{"line":48,"column":24}},"loc":{"start":{"line":48,"column":45},"end":{"line":53,"column":1}},"line":48},"1":{"name":"(anonymous_1)","decl":{"start":{"line":56,"column":33},"end":{"line":56,"column":34}},"loc":{"start":{"line":56,"column":45},"end":{"line":60,"column":1}},"line":56},"2":{"name":"(anonymous_2)","decl":{"start":{"line":63,"column":37},"end":{"line":63,"column":38}},"loc":{"start":{"line":63,"column":70},"end":{"line":65,"column":1}},"line":63},"3":{"name":"(anonymous_3)","decl":{"start":{"line":68,"column":43},"end":{"line":68,"column":44}},"loc":{"start":{"line":68,"column":55},"end":{"line":82,"column":1}},"line":68}},"branchMap":{"0":{"loc":{"start":{"line":49,"column":2},"end":{"line":51,"column":3}},"type":"if","locations":[{"start":{"line":49,"column":2},"end":{"line":51,"column":3}},{"start":{},"end":{}}],"line":49}},"s":{"0":3,"1":3,"2":3,"3":3,"4":3,"5":3,"6":3,"7":1,"8":0,"9":1,"10":3,"11":2,"12":3,"13":1,"14":3,"15":0,"16":0,"17":0,"18":0,"19":3},"f":{"0":1,"1":2,"2":1,"3":0},"b":{"0":[0,1]},"_coverageSchema":"1a1c01bbd47fc00a2c39e90264f33305004495a9","hash":"1d461241f4068cd7188880c337f00737c8354851"}
,"/Users/jagkaransingh/work/mern-ecommerce/backend/routes/orderRoute.js": {"path":"/Users/jagkaransingh/work/mern-ecommerce/backend/routes/orderRoute.js","statementMap":{"0":{"start":{"line":1,"column":16},"end":{"line":1,"column":34}},"1":{"start":{"line":9,"column":4},"end":{"line":9,"column":45}},"2":{"start":{"line":10,"column":15},"end":{"line":10,"column":31}},"3":{"start":{"line":11,"column":48},"end":{"line":11,"column":77}},"4":{"start":{"line":13,"column":0},"end":{"line":13,"column":66}},"5":{"start":{"line":15,"column":0},"end":{"line":15,"column":69}},"6":{"start":{"line":17,"column":0},"end":{"line":17,"column":65}},"7":{"start":{"line":19,"column":0},"end":{"line":21,"column":67}},"8":{"start":{"line":23,"column":0},"end":{"line":26,"column":69}},"9":{"start":{"line":28,"column":0},"end":{"line":28,"column":24}}},"fnMap":{},"branchMap":{},"s":{"0":3,"1":3,"2":3,"3":3,"4":3,"5":3,"6":3,"7":3,"8":3,"9":3},"f":{},"b":{},"_coverageSchema":"1a1c01bbd47fc00a2c39e90264f33305004495a9","hash":"71126a42d2c0935fb7ac07a9a206e01c475092ee"}
,"/Users/jagkaransingh/work/mern-ecommerce/backend/routes/paymentRoute.js": {"path":"/Users/jagkaransingh/work/mern-ecommerce/backend/routes/paymentRoute.js","statementMap":{"0":{"start":{"line":1,"column":16},"end":{"line":1,"column":34}},"1":{"start":{"line":5,"column":4},"end":{"line":5,"column":47}},"2":{"start":{"line":7,"column":15},"end":{"line":7,"column":31}},"3":{"start":{"line":9,"column":32},"end":{"line":9,"column":61}},"4":{"start":{"line":11,"column":0},"end":{"line":11,"column":75}},"5":{"start":{"line":13,"column":0},"end":{"line":13,"column":76}},"6":{"start":{"line":15,"column":0},"end":{"line":15,"column":24}}},"fnMap":{},"branchMap":{},"s":{"0":3,"1":3,"2":3,"3":3,"4":3,"5":3,"6":3},"f":{},"b":{},"_coverageSchema":"1a1c01bbd47fc00a2c39e90264f33305004495a9","hash":"5caa704279fb0102e6471fa7ebac25c45116e8f3"}
,"/Users/jagkaransingh/work/mern-ecommerce/backend/routes/productRoute.js": {"path":"/Users/jagkaransingh/work/mern-ecommerce/backend/routes/productRoute.js","statementMap":{"0":{"start":{"line":1,"column":16},"end":{"line":1,"column":34}},"1":{"start":{"line":12,"column":4},"end":{"line":12,"column":47}},"2":{"start":{"line":13,"column":48},"end":{"line":13,"column":77}},"3":{"start":{"line":15,"column":15},"end":{"line":15,"column":31}},"4":{"start":{"line":17,"column":0},"end":{"line":17,"column":46}},"5":{"start":{"line":19,"column":0},"end":{"line":21,"column":71}},"6":{"start":{"line":23,"column":0},"end":{"line":25,"column":69}},"7":{"start":{"line":29,"column":0},"end":{"line":32,"column":71}},"8":{"start":{"line":34,"column":0},"end":{"line":34,"column":52}},"9":{"start":{"line":36,"column":0},"end":{"line":36,"column":70}},"10":{"start":{"line":38,"column":0},"end":{"line":41,"column":52}},"11":{"start":{"line":43,"column":0},"end":{"line":43,"column":24}}},"fnMap":{},"branchMap":{},"s":{"0":3,"1":3,"2":3,"3":3,"4":3,"5":3,"6":3,"7":3,"8":3,"9":3,"10":3,"11":3},"f":{},"b":{},"_coverageSchema":"1a1c01bbd47fc00a2c39e90264f33305004495a9","hash":"aa118c27b35426c989e133f084c322e8a3554b8b"}
,"/Users/jagkaransingh/work/mern-ecommerce/backend/routes/userRoute.js": {"path":"/Users/jagkaransingh/work/mern-ecommerce/backend/routes/userRoute.js","statementMap":{"0":{"start":{"line":1,"column":16},"end":{"line":1,"column":34}},"1":{"start":{"line":15,"column":4},"end":{"line":15,"column":44}},"2":{"start":{"line":16,"column":48},"end":{"line":16,"column":77}},"3":{"start":{"line":18,"column":15},"end":{"line":18,"column":31}},"4":{"start":{"line":20,"column":0},"end":{"line":20,"column":45}},"5":{"start":{"line":22,"column":0},"end":{"line":22,"column":39}},"6":{"start":{"line":24,"column":0},"end":{"line":24,"column":54}},"7":{"start":{"line":26,"column":0},"end":{"line":26,"column":58}},"8":{"start":{"line":28,"column":0},"end":{"line":28,"column":36}},"9":{"start":{"line":30,"column":0},"end":{"line":30,"column":61}},"10":{"start":{"line":32,"column":0},"end":{"line":32,"column":74}},"11":{"start":{"line":34,"column":0},"end":{"line":34,"column":67}},"12":{"start":{"line":36,"column":0},"end":{"line":38,"column":66}},"13":{"start":{"line":40,"column":0},"end":{"line":44,"column":68}},"14":{"start":{"line":46,"column":0},"end":{"line":46,"column":24}}},"fnMap":{},"branchMap":{},"s":{"0":3,"1":3,"2":3,"3":3,"4":3,"5":3,"6":3,"7":3,"8":3,"9":3,"10":3,"11":3,"12":3,"13":3,"14":3},"f":{},"b":{},"_coverageSchema":"1a1c01bbd47fc00a2c39e90264f33305004495a9","hash":"4bfad4df1f86afb85c08480ddf06ccfa4367ff45"}
,"/Users/jagkaransingh/work/mern-ecommerce/backend/utils/apiFeatures.js": {"path":"/Users/jagkaransingh/work/mern-ecommerce/backend/utils/apiFeatures.js","statementMap":{"0":{"start":{"line":3,"column":4},"end":{"line":3,"column":23}},"1":{"start":{"line":4,"column":4},"end":{"line":4,"column":29}},"2":{"start":{"line":8,"column":20},"end":{"line":15,"column":10}},"3":{"start":{"line":17,"column":4},"end":{"line":17,"column":49}},"4":{"start":{"line":18,"column":4},"end":{"line":18,"column":16}},"5":{"start":{"line":26,"column":24},"end":{"line":26,"column":44}},"6":{"start":{"line":30,"column":25},"end":{"line":30,"column":53}},"7":{"start":{"line":32,"column":4},"end":{"line":32,"column":59}},"8":{"start":{"line":32,"column":34},"end":{"line":32,"column":57}},"9":{"start":{"line":37,"column":19},"end":{"line":37,"column":46}},"10":{"start":{"line":38,"column":4},"end":{"line":38,"column":76}},"11":{"start":{"line":38,"column":65},"end":{"line":38,"column":74}},"12":{"start":{"line":40,"column":4},"end":{"line":40,"column":55}},"13":{"start":{"line":42,"column":4},"end":{"line":42,"column":16}},"14":{"start":{"line":46,"column":24},"end":{"line":46,"column":55}},"15":{"start":{"line":49,"column":17},"end":{"line":49,"column":50}},"16":{"start":{"line":51,"column":4},"end":{"line":51,"column":60}},"17":{"start":{"line":53,"column":4},"end":{"line":53,"column":16}},"18":{"start":{"line":57,"column":0},"end":{"line":57,"column":29}}},"fnMap":{"0":{"name":"(anonymous_0)","decl":{"start":{"line":2,"column":2},"end":{"line":2,"column":3}},"loc":{"start":{"line":2,"column":31},"end":{"line":5,"column":3}},"line":2},"1":{"name":"(anonymous_1)","decl":{"start":{"line":7,"column":2},"end":{"line":7,"column":3}},"loc":{"start":{"line":7,"column":11},"end":{"line":19,"column":3}},"line":7},"2":{"name":"(anonymous_2)","decl":{"start":{"line":21,"column":2},"end":{"line":21,"column":3}},"loc":{"start":{"line":21,"column":11},"end":{"line":43,"column":3}},"line":21},"3":{"name":"(anonymous_3)","decl":{"start":{"line":32,"column":25},"end":{"line":32,"column":26}},"loc":{"start":{"line":32,"column":34},"end":{"line":32,"column":57}},"line":32},"4":{"name":"(anonymous_4)","decl":{"start":{"line":38,"column":56},"end":{"line":38,"column":57}},"loc":{"start":{"line":38,"column":65},"end":{"line":38,"column":74}},"line":38},"5":{"name":"(anonymous_5)","decl":{"start":{"line":45,"column":2},"end":{"line":45,"column":3}},"loc":{"start":{"line":45,"column":28},"end":{"line":54,"column":3}},"line":45}},"branchMap":{"0":{"loc":{"start":{"line":8,"column":20},"end":{"line":15,"column":10}},"type":"cond-expr","locations":[{"start":{"line":9,"column":8},"end":{"line":14,"column":9}},{"start":{"line":15,"column":8},"end":{"line":15,"column":10}}],"line":8},"1":{"loc":{"start":{"line":46,"column":24},"end":{"line":46,"column":55}},"type":"binary-expr","locations":[{"start":{"line":46,"column":24},"end":{"line":46,"column":50}},{"start":{"line":46,"column":54},"end":{"line":46,"column":55}}],"line":46}},"s":{"0":1,"1":1,"2":1,"3":1,"4":1,"5":1,"6":1,"7":1,"8":3,"9":1,"10":1,"11":0,"12":1,"13":1,"14":1,"15":1,"16":1,"17":1,"18":3},"f":{"0":1,"1":1,"2":1,"3":3,"4":0,"5":1},"b":{"0":[0,1],"1":[1,1]},"_coverageSchema":"1a1c01bbd47fc00a2c39e90264f33305004495a9","hash":"17c851ccb02fd9810bdf8e2062408b9501c0a278"}
,"/Users/jagkaransingh/work/mern-ecommerce/backend/utils/errorHandler.js": {"path":"/Users/jagkaransingh/work/mern-ecommerce/backend/utils/errorHandler.js","statementMap":{"0":{"start":{"line":3,"column":4},"end":{"line":3,"column":19}},"1":{"start":{"line":4,"column":4},"end":{"line":4,"column":33}},"2":{"start":{"line":6,"column":4},"end":{"line":6,"column":52}},"3":{"start":{"line":10,"column":0},"end":{"line":10,"column":30}}},"fnMap":{"0":{"name":"(anonymous_0)","decl":{"start":{"line":2,"column":2},"end":{"line":2,"column":3}},"loc":{"start":{"line":2,"column":35},"end":{"line":7,"column":3}},"line":2}},"branchMap":{},"s":{"0":3,"1":3,"2":3,"3":3},"f":{"0":3},"b":{},"_coverageSchema":"1a1c01bbd47fc00a2c39e90264f33305004495a9","hash":"b5213e5cc73f206e0845ab9fac1c761c9ce61190"}
,"/Users/jagkaransingh/work/mern-ecommerce/backend/utils/jwtToken.js": {"path":"/Users/jagkaransingh/work/mern-ecommerce/backend/utils/jwtToken.js","statementMap":{"0":{"start":{"line":3,"column":18},"end":{"line":21,"column":1}},"1":{"start":{"line":4,"column":16},"end":{"line":4,"column":34}},"2":{"start":{"line":7,"column":18},"end":{"line":14,"column":3}},"3":{"start":{"line":17,"column":2},"end":{"line":20,"column":5}},"4":{"start":{"line":23,"column":0},"end":{"line":23,"column":27}}},"fnMap":{"0":{"name":"(anonymous_0)","decl":{"start":{"line":3,"column":18},"end":{"line":3,"column":19}},"loc":{"start":{"line":3,"column":45},"end":{"line":21,"column":1}},"line":3}},"branchMap":{},"s":{"0":3,"1":2,"2":2,"3":2,"4":3},"f":{"0":2},"b":{},"_coverageSchema":"1a1c01bbd47fc00a2c39e90264f33305004495a9","hash":"3fac2b8dfa5891f4f81f12347c9fe4522f32ba97"}
,"/Users/jagkaransingh/work/mern-ecommerce/backend/utils/sendEmail.js": {"path":"/Users/jagkaransingh/work/mern-ecommerce/backend/utils/sendEmail.js","statementMap":{"0":{"start":{"line":1,"column":19},"end":{"line":1,"column":40}},"1":{"start":{"line":3,"column":18},"end":{"line":22,"column":1}},"2":{"start":{"line":4,"column":22},"end":{"line":12,"column":4}},"3":{"start":{"line":14,"column":22},"end":{"line":19,"column":3}},"4":{"start":{"line":21,"column":2},"end":{"line":21,"column":42}},"5":{"start":{"line":24,"column":0},"end":{"line":24,"column":27}}},"fnMap":{"0":{"name":"(anonymous_0)","decl":{"start":{"line":3,"column":18},"end":{"line":3,"column":19}},"loc":{"start":{"line":3,"column":37},"end":{"line":22,"column":1}},"line":3}},"branchMap":{},"s":{"0":3,"1":3,"2":0,"3":0,"4":0,"5":3},"f":{"0":0},"b":{},"_coverageSchema":"1a1c01bbd47fc00a2c39e90264f33305004495a9","hash":"3f0dce3cb933d9d6053ed06ec1fe0dc6d8b8b41a"}
}
