TN:
SF:backend/app.js
FN:71,(anonymous_0)
FNF:1
FNH:0
FNDA:0,(anonymous_0)
DA:1,3
DA:2,3
DA:3,3
DA:4,3
DA:5,3
DA:6,3
DA:9,3
DA:10,3
DA:11,3
DA:12,3
DA:13,3
DA:14,3
DA:17,3
DA:18,3
DA:22,3
DA:25,3
DA:34,3
DA:37,3
DA:44,3
DA:45,3
DA:46,3
DA:49,3
DA:50,3
DA:51,3
DA:52,3
DA:55,3
DA:56,3
DA:59,3
DA:60,3
DA:61,3
DA:62,3
DA:64,3
DA:65,3
DA:66,3
DA:67,3
DA:69,3
DA:71,3
DA:72,0
DA:75,3
DA:77,3
LF:40
LH:39
BRDA:17,0,0,3
BRDA:17,0,1,0
BRDA:27,1,0,3
BRDA:27,1,1,3
BRF:4
BRH:3
end_of_record
TN:
SF:backend/server.js
FN:6,(anonymous_0)
FN:27,(anonymous_1)
FN:32,(anonymous_2)
FN:36,(anonymous_3)
FNF:4
FNH:0
FNDA:0,(anonymous_0)
FNDA:0,(anonymous_1)
FNDA:0,(anonymous_2)
FNDA:0,(anonymous_3)
DA:1,0
DA:2,0
DA:3,0
DA:6,0
DA:7,0
DA:8,0
DA:9,0
DA:13,0
DA:14,0
DA:18,0
DA:21,0
DA:27,0
DA:28,0
DA:32,0
DA:33,0
DA:34,0
DA:36,0
DA:37,0
LF:18
LH:0
BRDA:13,0,0,0
BRDA:13,0,1,0
BRF:2
BRH:0
end_of_record
TN:
SF:backend/config/database.js
FN:3,(anonymous_0)
FN:4,(anonymous_1)
FNF:2
FNH:0
FNDA:0,(anonymous_0)
FNDA:0,(anonymous_1)
DA:1,0
DA:3,0
DA:4,0
DA:5,0
DA:9,0
LF:5
LH:0
BRF:0
BRH:0
end_of_record
TN:
SF:backend/controllers/orderController.js
FN:7,(anonymous_0)
FN:37,(anonymous_1)
FN:54,(anonymous_2)
FN:66,(anonymous_3)
FN:72,(anonymous_4)
FN:83,(anonymous_5)
FN:95,(anonymous_6)
FN:113,updateStock
FN:122,(anonymous_8)
FNF:9
FNH:0
FNDA:0,(anonymous_0)
FNDA:0,(anonymous_1)
FNDA:0,(anonymous_2)
FNDA:0,(anonymous_3)
FNDA:0,(anonymous_4)
FNDA:0,(anonymous_5)
FNDA:0,(anonymous_6)
FNDA:0,updateStock
FNDA:0,(anonymous_8)
DA:1,3
DA:2,3
DA:3,3
DA:4,3
DA:7,3
DA:16,0
DA:18,0
DA:30,0
DA:37,3
DA:38,0
DA:43,0
DA:44,0
DA:47,0
DA:54,3
DA:55,0
DA:56,0
DA:58,0
DA:66,3
DA:67,0
DA:68,0
DA:70,0
DA:72,0
DA:74,0
DA:83,3
DA:84,0
DA:86,0
DA:87,0
DA:90,0
DA:91,0
DA:94,0
DA:95,0
DA:96,0
DA:100,0
DA:102,0
DA:103,0
DA:106,0
DA:107,0
DA:114,0
DA:116,0
DA:118,0
DA:122,3
DA:123,0
DA:125,0
DA:126,0
DA:129,0
DA:131,0
LF:46
LH:10
BRDA:43,0,0,0
BRDA:43,0,1,0
BRDA:86,1,0,0
BRDA:86,1,1,0
BRDA:90,2,0,0
BRDA:90,2,1,0
BRDA:94,3,0,0
BRDA:94,3,1,0
BRDA:102,4,0,0
BRDA:102,4,1,0
BRDA:125,5,0,0
BRDA:125,5,1,0
BRF:12
BRH:0
end_of_record
TN:
SF:backend/controllers/paymentController.js
FN:5,(anonymous_0)
FN:20,(anonymous_1)
FNF:2
FNH:0
FNDA:0,(anonymous_0)
FNDA:0,(anonymous_1)
DA:1,3
DA:3,3
DA:5,3
DA:6,0
DA:14,0
DA:20,3
DA:21,0
LF:7
LH:4
BRF:0
BRH:0
end_of_record
TN:
SF:backend/controllers/productController.js
FN:8,(anonymous_0)
FN:18,(anonymous_1)
FN:21,(anonymous_2)
FN:34,(anonymous_3)
FN:57,(anonymous_4)
FN:63,(anonymous_5)
FN:79,(anonymous_6)
FN:83,(anonymous_7)
FN:86,(anonymous_8)
FN:101,(anonymous_9)
FN:109,(anonymous_10)
FN:118,(anonymous_11)
FN:129,(anonymous_12)
FN:142,(anonymous_13)
FN:146,(anonymous_14)
FN:158,(anonymous_15)
FN:166,(anonymous_16)
FN:177,(anonymous_17)
FN:185,(anonymous_18)
FN:189,(anonymous_19)
FNF:20
FNH:2
FNDA:0,(anonymous_0)
FNDA:0,(anonymous_1)
FNDA:0,(anonymous_2)
FNDA:1,(anonymous_3)
FNDA:0,(anonymous_4)
FNDA:0,(anonymous_5)
FNDA:0,(anonymous_6)
FNDA:0,(anonymous_7)
FNDA:0,(anonymous_8)
FNDA:0,(anonymous_9)
FNDA:0,(anonymous_10)
FNDA:1,(anonymous_11)
FNDA:0,(anonymous_12)
FNDA:0,(anonymous_13)
FNDA:0,(anonymous_14)
FNDA:0,(anonymous_15)
FNDA:0,(anonymous_16)
FNDA:0,(anonymous_17)
FNDA:0,(anonymous_18)
FNDA:0,(anonymous_19)
DA:1,3
DA:2,3
DA:3,3
DA:4,3
DA:5,3
DA:8,3
DA:9,0
DA:11,0
DA:12,0
DA:14,0
DA:17,0
DA:19,0
DA:21,0
DA:25,0
DA:26,0
DA:27,0
DA:29,0
DA:30,0
DA:34,3
DA:35,1
DA:36,1
DA:37,1
DA:41,1
DA:42,1
DA:44,1
DA:45,1
DA:47,1
DA:57,3
DA:58,0
DA:59,0
DA:63,3
DA:64,0
DA:66,0
DA:67,0
DA:70,0
DA:71,0
DA:72,0
DA:74,0
DA:77,0
DA:78,0
DA:79,0
DA:82,0
DA:84,0
DA:86,0
DA:89,0
DA:92,0
DA:97,0
DA:101,3
DA:102,0
DA:104,0
DA:105,0
DA:108,0
DA:109,0
DA:112,0
DA:114,0
DA:118,3
DA:119,1
DA:121,1
DA:122,1
DA:125,0
DA:129,3
DA:130,0
DA:131,0
DA:139,0
DA:141,0
DA:142,0
DA:145,0
DA:146,0
DA:147,0
DA:148,0
DA:149,0
DA:153,0
DA:154,0
DA:157,0
DA:158,0
DA:159,0
DA:161,0
DA:162,0
DA:166,3
DA:167,0
DA:169,0
DA:170,0
DA:173,0
DA:177,3
DA:178,0
DA:180,0
DA:181,0
DA:184,0
DA:185,0
DA:188,0
DA:189,0
DA:191,0
DA:192,0
DA:194,0
DA:200,0
LF:95
LH:25
BRDA:11,0,0,0
BRDA:11,0,1,0
BRDA:66,1,0,0
BRDA:66,1,1,0
BRDA:71,2,0,0
BRDA:71,2,1,0
BRDA:77,3,0,0
BRDA:77,3,1,0
BRDA:104,4,0,0
BRDA:104,4,1,0
BRDA:121,5,0,1
BRDA:121,5,1,0
BRDA:145,6,0,0
BRDA:145,6,1,0
BRDA:147,7,0,0
BRDA:147,7,1,0
BRDA:169,8,0,0
BRDA:169,8,1,0
BRDA:180,9,0,0
BRDA:180,9,1,0
BRDA:191,10,0,0
BRDA:191,10,1,0
BRF:22
BRH:1
end_of_record
TN:
SF:backend/controllers/userController.js
FN:10,(anonymous_0)
FN:30,(anonymous_1)
FN:59,(anonymous_2)
FN:72,(anonymous_3)
FN:115,(anonymous_4)
FN:150,(anonymous_5)
FN:160,(anonymous_6)
FN:180,(anonymous_7)
FN:216,(anonymous_8)
FN:227,(anonymous_9)
FN:243,(anonymous_10)
FN:262,(anonymous_11)
FNF:12
FNH:4
FNDA:1,(anonymous_0)
FNDA:1,(anonymous_1)
FNDA:1,(anonymous_2)
FNDA:0,(anonymous_3)
FNDA:0,(anonymous_4)
FNDA:1,(anonymous_5)
FNDA:0,(anonymous_6)
FNDA:0,(anonymous_7)
FNDA:0,(anonymous_8)
FNDA:0,(anonymous_9)
FNDA:0,(anonymous_10)
FNDA:0,(anonymous_11)
DA:1,3
DA:2,3
DA:3,3
DA:4,3
DA:5,3
DA:6,3
DA:7,3
DA:10,3
DA:11,1
DA:16,1
DA:17,1
DA:27,1
DA:30,3
DA:31,1
DA:34,1
DA:35,0
DA:38,1
DA:40,1
DA:41,0
DA:44,1
DA:46,1
DA:47,0
DA:55,1
DA:59,3
DA:60,1
DA:65,1
DA:72,3
DA:73,0
DA:75,0
DA:76,0
DA:80,0
DA:82,0
DA:88,0
DA:92,0
DA:94,0
DA:95,0
DA:100,0
DA:105,0
DA:106,0
DA:108,0
DA:110,0
DA:115,3
DA:117,0
DA:122,0
DA:127,0
DA:128,0
DA:136,0
DA:137,0
DA:140,0
DA:141,0
DA:142,0
DA:144,0
DA:146,0
DA:150,3
DA:151,1
DA:153,1
DA:160,3
DA:161,0
DA:163,0
DA:165,0
DA:166,0
DA:169,0
DA:170,0
DA:173,0
DA:175,0
DA:176,0
DA:180,3
DA:181,0
DA:186,0
DA:188,0
DA:189,0
DA:190,0
DA:191,0
DA:197,0
DA:203,0
DA:209,0
DA:216,3
DA:217,0
DA:218,0
DA:219,0
DA:227,3
DA:228,0
DA:230,0
DA:231,0
DA:236,0
DA:243,3
DA:244,0
DA:250,0
DA:256,0
DA:262,3
DA:263,0
DA:265,0
DA:266,0
DA:271,0
DA:273,0
DA:275,0
DA:277,0
LF:97
LH:34
BRDA:34,0,0,0
BRDA:34,0,1,1
BRDA:34,1,0,1
BRDA:34,1,1,1
BRDA:40,2,0,0
BRDA:40,2,1,1
BRDA:46,3,0,0
BRDA:46,3,1,1
BRDA:75,4,0,0
BRDA:75,4,1,0
BRDA:127,5,0,0
BRDA:127,5,1,0
BRDA:136,6,0,0
BRDA:136,6,1,0
BRDA:165,7,0,0
BRDA:165,7,1,0
BRDA:169,8,0,0
BRDA:169,8,1,0
BRDA:186,9,0,0
BRDA:186,9,1,0
BRDA:230,10,0,0
BRDA:230,10,1,0
BRDA:265,11,0,0
BRDA:265,11,1,0
BRF:24
BRH:5
end_of_record
TN:
SF:backend/middleware/auth.js
FN:6,(anonymous_0)
FN:20,(anonymous_1)
FN:21,(anonymous_2)
FNF:3
FNH:2
FNDA:3,(anonymous_0)
FNDA:33,(anonymous_1)
FNDA:0,(anonymous_2)
DA:1,3
DA:2,3
DA:3,3
DA:4,3
DA:6,3
DA:7,3
DA:9,3
DA:10,2
DA:13,1
DA:15,1
DA:17,1
DA:20,3
DA:21,33
DA:23,0
DA:24,0
DA:31,0
LF:16
LH:13
BRDA:9,0,0,2
BRDA:9,0,1,1
BRDA:23,1,0,0
BRDA:23,1,1,0
BRF:4
BRH:2
end_of_record
TN:
SF:backend/middleware/catchAsyncErrors.js
FN:1,(anonymous_0)
FN:1,(anonymous_1)
FNF:2
FNH:2
FNDA:90,(anonymous_0)
FNDA:9,(anonymous_1)
DA:1,90
DA:2,9
LF:2
LH:2
BRF:0
BRH:0
end_of_record
TN:
SF:backend/middleware/error.js
FN:3,(anonymous_0)
FNF:1
FNH:1
FNDA:3,(anonymous_0)
DA:1,3
DA:3,3
DA:4,3
DA:5,3
DA:8,3
DA:9,0
DA:10,0
DA:14,3
DA:15,0
DA:18,0
DA:22,3
DA:23,0
DA:24,0
DA:28,3
DA:29,0
DA:30,0
DA:33,3
LF:17
LH:9
BRDA:4,0,0,3
BRDA:4,0,1,0
BRDA:5,1,0,3
BRDA:5,1,1,0
BRDA:8,2,0,0
BRDA:8,2,1,3
BRDA:14,3,0,0
BRDA:14,3,1,3
BRDA:22,4,0,0
BRDA:22,4,1,3
BRDA:28,5,0,0
BRDA:28,5,1,3
BRF:12
BRH:6
end_of_record
TN:
SF:backend/models/orderModel.js
FNF:0
FNH:0
DA:1,3
DA:3,3
DA:116,3
LF:3
LH:3
BRF:0
BRH:0
end_of_record
TN:
SF:backend/models/productModel.js
FNF:0
FNH:0
DA:1,3
DA:3,3
DA:86,3
LF:3
LH:3
BRF:0
BRH:0
end_of_record
TN:
SF:backend/models/userModel.js
FN:48,(anonymous_0)
FN:56,(anonymous_1)
FN:63,(anonymous_2)
FN:68,(anonymous_3)
FNF:4
FNH:3
FNDA:1,(anonymous_0)
FNDA:2,(anonymous_1)
FNDA:1,(anonymous_2)
FNDA:0,(anonymous_3)
DA:1,3
DA:2,3
DA:3,3
DA:4,3
DA:5,3
DA:7,3
DA:48,3
DA:49,1
DA:50,0
DA:52,1
DA:56,3
DA:57,2
DA:63,3
DA:64,1
DA:68,3
DA:70,0
DA:73,0
DA:79,0
DA:81,0
DA:84,3
LF:20
LH:15
BRDA:49,0,0,0
BRDA:49,0,1,1
BRF:2
BRH:1
end_of_record
TN:
SF:backend/routes/orderRoute.js
FNF:0
FNH:0
DA:1,3
DA:9,3
DA:10,3
DA:11,3
DA:13,3
DA:15,3
DA:17,3
DA:19,3
DA:23,3
DA:28,3
LF:10
LH:10
BRF:0
BRH:0
end_of_record
TN:
SF:backend/routes/paymentRoute.js
FNF:0
FNH:0
DA:1,3
DA:5,3
DA:7,3
DA:9,3
DA:11,3
DA:13,3
DA:15,3
LF:7
LH:7
BRF:0
BRH:0
end_of_record
TN:
SF:backend/routes/productRoute.js
FNF:0
FNH:0
DA:1,3
DA:12,3
DA:13,3
DA:15,3
DA:17,3
DA:19,3
DA:23,3
DA:29,3
DA:34,3
DA:36,3
DA:38,3
DA:43,3
LF:12
LH:12
BRF:0
BRH:0
end_of_record
TN:
SF:backend/routes/userRoute.js
FNF:0
FNH:0
DA:1,3
DA:15,3
DA:16,3
DA:18,3
DA:20,3
DA:22,3
DA:24,3
DA:26,3
DA:28,3
DA:30,3
DA:32,3
DA:34,3
DA:36,3
DA:40,3
DA:46,3
LF:15
LH:15
BRF:0
BRH:0
end_of_record
TN:
SF:backend/utils/apiFeatures.js
FN:2,(anonymous_0)
FN:7,(anonymous_1)
FN:21,(anonymous_2)
FN:32,(anonymous_3)
FN:38,(anonymous_4)
FN:45,(anonymous_5)
FNF:6
FNH:5
FNDA:1,(anonymous_0)
FNDA:1,(anonymous_1)
FNDA:1,(anonymous_2)
FNDA:3,(anonymous_3)
FNDA:0,(anonymous_4)
FNDA:1,(anonymous_5)
DA:3,1
DA:4,1
DA:8,1
DA:17,1
DA:18,1
DA:26,1
DA:30,1
DA:32,3
DA:37,1
DA:38,1
DA:40,1
DA:42,1
DA:46,1
DA:49,1
DA:51,1
DA:53,1
DA:57,3
LF:17
LH:17
BRDA:8,0,0,0
BRDA:8,0,1,1
BRDA:46,1,0,1
BRDA:46,1,1,1
BRF:4
BRH:3
end_of_record
TN:
SF:backend/utils/errorHandler.js
FN:2,(anonymous_0)
FNF:1
FNH:1
FNDA:3,(anonymous_0)
DA:3,3
DA:4,3
DA:6,3
DA:10,3
LF:4
LH:4
BRF:0
BRH:0
end_of_record
TN:
SF:backend/utils/jwtToken.js
FN:3,(anonymous_0)
FNF:1
FNH:1
FNDA:2,(anonymous_0)
DA:3,3
DA:4,2
DA:7,2
DA:17,2
DA:23,3
LF:5
LH:5
BRF:0
BRH:0
end_of_record
TN:
SF:backend/utils/sendEmail.js
FN:3,(anonymous_0)
FNF:1
FNH:0
FNDA:0,(anonymous_0)
DA:1,3
DA:3,3
DA:4,0
DA:14,0
DA:21,0
DA:24,3
LF:6
LH:3
BRF:0
BRH:0
end_of_record
